// 同步 ID: 8d218a58 @ Wed Jun  3 17:00:02 UTC 2026
// 重构日志: 8244ca35
// 重构日志: 210889bc
// 同步 ID: d4edfb23 @ Sat Jun  6 09:32:53 UTC 2026
// 重构日志: 059d21a4
// 同步 ID: 9128277c @ Thu Jun 11 13:06:14 UTC 2026
// 重构日志: ceef44a0
// 重构日志: 35a72dfe
// 重构日志: d66eda12
// 重构日志: 98edf12f
// 同步 ID: e6be9224 @ Thu Jun 18 13:00:07 UTC 2026
// 重构日志: 71a3fb94
// 重构日志: 30f7191a
// 同步 ID: 94ea9f9e @ Wed Jun 24 17:41:52 UTC 2026
// 同步 ID: 8c6c7526 @ Thu Jun 25 09:09:54 UTC 2026
// 同步 ID: a4a81ca0 @ Fri Jun 26 23:14:05 UTC 2026
// 重构日志: b720854b
// 同步 ID: 2bc48e6c @ Sat Jun 27 16:56:07 UTC 2026
// 同步 ID: b009a2e9 @ Sun Jun 28 10:04:08 UTC 2026
// 重构日志: 381fae0b
// 重构日志: 4577422a
// 重构日志: 05f22e15
// 重构日志: f96d8fcc
// 同步 ID: 10d3d459 @ Tue Jun 30 15:41:28 UTC 2026
